2020-12-22 18:28:44.890 [restartedMain] INFO  com.demo.DemoApplication - Starting DemoApplication using Java 1.8.0_271 on WIN-7H6J5BKISLH with PID 9456 (C:\Users\EDZ\IdeaProjects\wang\target\classes started by EDZ in C:\Users\EDZ\IdeaProjects\wang)
2020-12-22 18:28:44.892 [restartedMain] INFO  com.demo.DemoApplication - No active profile set, falling back to default profiles: default
2020-12-22 18:28:44.935 [restartedMain] INFO  o.s.b.d.env.DevToolsPropertyDefaultsPostProcessor - Devtools property defaults active! Set 'spring.devtools.add-properties' to 'false' to disable
2020-12-22 18:28:44.936 [restartedMain] INFO  o.s.b.d.env.DevToolsPropertyDefaultsPostProcessor - For additional web related logging consider setting the 'logging.level.web' property to 'DEBUG'
2020-12-22 18:28:45.496 [restartedMain] INFO  o.s.d.r.config.RepositoryConfigurationDelegate - Multiple Spring Data modules found, entering strict repository configuration mode!
2020-12-22 18:28:45.497 [restartedMain] INFO  o.s.d.r.config.RepositoryConfigurationDelegate - Bootstrapping Spring Data Redis repositories in DEFAULT mode.
2020-12-22 18:28:45.517 [restartedMain] INFO  o.s.d.r.config.RepositoryConfigurationDelegate - Finished Spring Data repository scanning in 7 ms. Found 0 Redis repository interfaces.
2020-12-22 18:28:46.027 [restartedMain] INFO  o.s.boot.web.embedded.tomcat.TomcatWebServer - Tomcat initialized with port(s): 8888 (http)
2020-12-22 18:28:46.034 [restartedMain] INFO  org.apache.coyote.http11.Http11NioProtocol - Initializing ProtocolHandler ["http-nio-8888"]
2020-12-22 18:28:46.034 [restartedMain] INFO  org.apache.catalina.core.StandardService - Starting service [Tomcat]
2020-12-22 18:28:46.035 [restartedMain] INFO  org.apache.catalina.core.StandardEngine - Starting Servlet engine: [Apache Tomcat/9.0.41]
2020-12-22 18:28:46.097 [restartedMain] INFO  o.a.c.core.ContainerBase.[Tomcat].[localhost].[/] - Initializing Spring embedded WebApplicationContext
2020-12-22 18:28:46.098 [restartedMain] INFO  o.s.b.w.s.c.ServletWebServerApplicationContext - Root WebApplicationContext: initialization completed in 1161 ms
2020-12-22 18:28:46.487 [restartedMain] INFO  o.s.scheduling.concurrent.ThreadPoolTaskExecutor - Initializing ExecutorService 'applicationTaskExecutor'
2020-12-22 18:28:47.051 [restartedMain] INFO  o.s.security.web.DefaultSecurityFilterChain - Will secure Ant [pattern='/testToken'] with []
2020-12-22 18:28:47.079 [restartedMain] INFO  o.s.security.web.DefaultSecurityFilterChain - Will secure any request with [org.springframework.security.web.context.request.async.WebAsyncManagerIntegrationFilter@2fa96155, org.springframework.security.web.context.SecurityContextPersistenceFilter@4611cd4a, org.springframework.security.web.header.HeaderWriterFilter@5799c11e, org.springframework.security.web.authentication.logout.LogoutFilter@5c34cfe0, org.springframework.security.web.authentication.www.BasicAuthenticationFilter@5df8dcc3, org.springframework.security.web.savedrequest.RequestCacheAwareFilter@c0872b3, org.springframework.security.web.servletapi.SecurityContextHolderAwareRequestFilter@5b775874, org.springframework.security.web.authentication.AnonymousAuthenticationFilter@196a8143, org.springframework.security.web.session.SessionManagementFilter@41562b29, org.springframework.security.web.access.ExceptionTranslationFilter@60a705b, org.springframework.security.web.access.intercept.FilterSecurityInterceptor@76cb0b26]
2020-12-22 18:28:47.113 [restartedMain] INFO  o.s.b.d.autoconfigure.OptionalLiveReloadServer - LiveReload server is running on port 35729
2020-12-22 18:28:47.130 [restartedMain] INFO  org.apache.coyote.http11.Http11NioProtocol - Starting ProtocolHandler ["http-nio-8888"]
2020-12-22 18:28:47.145 [restartedMain] INFO  o.s.boot.web.embedded.tomcat.TomcatWebServer - Tomcat started on port(s): 8888 (http) with context path ''
2020-12-22 18:28:47.154 [restartedMain] INFO  com.demo.DemoApplication - Started DemoApplication in 2.691 seconds (JVM running for 3.492)
2020-12-22 18:29:11.483 [http-nio-8888-exec-1] INFO  o.a.c.core.ContainerBase.[Tomcat].[localhost].[/] - Initializing Spring DispatcherServlet 'dispatcherServlet'
2020-12-22 18:29:11.483 [http-nio-8888-exec-1] INFO  org.springframework.web.servlet.DispatcherServlet - Initializing Servlet 'dispatcherServlet'
2020-12-22 18:29:11.484 [http-nio-8888-exec-1] INFO  org.springframework.web.servlet.DispatcherServlet - Completed initialization in 1 ms
2020-12-22 18:29:11.552 [http-nio-8888-exec-1] INFO  com.alibaba.druid.pool.DruidDataSource - {dataSource-1} inited
2020-12-22 18:30:24.954 [SpringContextShutdownHook] INFO  o.s.scheduling.concurrent.ThreadPoolTaskExecutor - Shutting down ExecutorService 'applicationTaskExecutor'
2020-12-22 18:30:24.954 [SpringContextShutdownHook] INFO  com.alibaba.druid.pool.DruidDataSource - {dataSource-1} closing ...
2020-12-22 18:30:24.958 [SpringContextShutdownHook] INFO  com.alibaba.druid.pool.DruidDataSource - {dataSource-1} closed
2020-12-22 18:44:59.319 [restartedMain] INFO  com.demo.DemoApplication - Starting DemoApplication using Java 1.8.0_271 on WIN-7H6J5BKISLH with PID 9712 (C:\Users\EDZ\IdeaProjects\wang\target\classes started by EDZ in C:\Users\EDZ\IdeaProjects\wang)
2020-12-22 18:44:59.322 [restartedMain] INFO  com.demo.DemoApplication - No active profile set, falling back to default profiles: default
2020-12-22 18:44:59.382 [restartedMain] INFO  o.s.b.d.env.DevToolsPropertyDefaultsPostProcessor - Devtools property defaults active! Set 'spring.devtools.add-properties' to 'false' to disable
2020-12-22 18:44:59.382 [restartedMain] INFO  o.s.b.d.env.DevToolsPropertyDefaultsPostProcessor - For additional web related logging consider setting the 'logging.level.web' property to 'DEBUG'
2020-12-22 18:44:59.934 [restartedMain] INFO  o.s.d.r.config.RepositoryConfigurationDelegate - Multiple Spring Data modules found, entering strict repository configuration mode!
2020-12-22 18:44:59.936 [restartedMain] INFO  o.s.d.r.config.RepositoryConfigurationDelegate - Bootstrapping Spring Data Redis repositories in DEFAULT mode.
2020-12-22 18:44:59.953 [restartedMain] INFO  o.s.d.r.config.RepositoryConfigurationDelegate - Finished Spring Data repository scanning in 7 ms. Found 0 Redis repository interfaces.
2020-12-22 18:45:00.448 [restartedMain] INFO  o.s.boot.web.embedded.tomcat.TomcatWebServer - Tomcat initialized with port(s): 8888 (http)
2020-12-22 18:45:00.455 [restartedMain] INFO  org.apache.coyote.http11.Http11NioProtocol - Initializing ProtocolHandler ["http-nio-8888"]
2020-12-22 18:45:00.456 [restartedMain] INFO  org.apache.catalina.core.StandardService - Starting service [Tomcat]
2020-12-22 18:45:00.456 [restartedMain] INFO  org.apache.catalina.core.StandardEngine - Starting Servlet engine: [Apache Tomcat/9.0.41]
2020-12-22 18:45:00.518 [restartedMain] INFO  o.a.c.core.ContainerBase.[Tomcat].[localhost].[/] - Initializing Spring embedded WebApplicationContext
2020-12-22 18:45:00.518 [restartedMain] INFO  o.s.b.w.s.c.ServletWebServerApplicationContext - Root WebApplicationContext: initialization completed in 1135 ms
2020-12-22 18:45:00.937 [restartedMain] INFO  o.s.scheduling.concurrent.ThreadPoolTaskExecutor - Initializing ExecutorService 'applicationTaskExecutor'
2020-12-22 18:45:01.532 [restartedMain] INFO  o.s.security.web.DefaultSecurityFilterChain - Will secure Ant [pattern='/testToken'] with []
2020-12-22 18:45:01.559 [restartedMain] INFO  o.s.security.web.DefaultSecurityFilterChain - Will secure any request with [org.springframework.security.web.context.request.async.WebAsyncManagerIntegrationFilter@138caabf, org.springframework.security.web.context.SecurityContextPersistenceFilter@35c1e94, org.springframework.security.web.header.HeaderWriterFilter@1224d2c6, org.springframework.security.web.authentication.logout.LogoutFilter@46634dc1, org.springframework.security.web.authentication.www.BasicAuthenticationFilter@1c884380, org.springframework.security.web.savedrequest.RequestCacheAwareFilter@4dc42cd9, org.springframework.security.web.servletapi.SecurityContextHolderAwareRequestFilter@165a04ec, org.springframework.security.web.authentication.AnonymousAuthenticationFilter@4d2d7a15, org.springframework.security.web.session.SessionManagementFilter@74917f8e, org.springframework.security.web.access.ExceptionTranslationFilter@18bcf751, org.springframework.security.web.access.intercept.FilterSecurityInterceptor@525568d5]
2020-12-22 18:45:01.593 [restartedMain] INFO  o.s.b.d.autoconfigure.OptionalLiveReloadServer - LiveReload server is running on port 35729
2020-12-22 18:45:01.610 [restartedMain] INFO  org.apache.coyote.http11.Http11NioProtocol - Starting ProtocolHandler ["http-nio-8888"]
2020-12-22 18:45:01.625 [restartedMain] INFO  o.s.boot.web.embedded.tomcat.TomcatWebServer - Tomcat started on port(s): 8888 (http) with context path ''
2020-12-22 18:45:01.633 [restartedMain] INFO  com.demo.DemoApplication - Started DemoApplication in 2.822 seconds (JVM running for 3.64)
2020-12-22 18:45:13.450 [http-nio-8888-exec-1] INFO  o.a.c.core.ContainerBase.[Tomcat].[localhost].[/] - Initializing Spring DispatcherServlet 'dispatcherServlet'
2020-12-22 18:45:13.450 [http-nio-8888-exec-1] INFO  org.springframework.web.servlet.DispatcherServlet - Initializing Servlet 'dispatcherServlet'
2020-12-22 18:45:13.451 [http-nio-8888-exec-1] INFO  org.springframework.web.servlet.DispatcherServlet - Completed initialization in 1 ms
2020-12-22 18:45:37.828 [http-nio-8888-exec-2] INFO  com.alibaba.druid.pool.DruidDataSource - {dataSource-1} inited
2020-12-22 18:46:41.385 [SpringContextShutdownHook] INFO  o.s.scheduling.concurrent.ThreadPoolTaskExecutor - Shutting down ExecutorService 'applicationTaskExecutor'
2020-12-22 18:46:41.385 [SpringContextShutdownHook] INFO  com.alibaba.druid.pool.DruidDataSource - {dataSource-1} closing ...
2020-12-22 18:46:41.388 [SpringContextShutdownHook] INFO  com.alibaba.druid.pool.DruidDataSource - {dataSource-1} closed
2020-12-22 18:47:09.539 [restartedMain] INFO  com.demo.DemoApplication - Starting DemoApplication using Java 1.8.0_271 on WIN-7H6J5BKISLH with PID 7904 (C:\Users\EDZ\IdeaProjects\wang\target\classes started by EDZ in C:\Users\EDZ\IdeaProjects\wang)
2020-12-22 18:47:09.543 [restartedMain] INFO  com.demo.DemoApplication - No active profile set, falling back to default profiles: default
2020-12-22 18:47:09.596 [restartedMain] INFO  o.s.b.d.env.DevToolsPropertyDefaultsPostProcessor - Devtools property defaults active! Set 'spring.devtools.add-properties' to 'false' to disable
2020-12-22 18:47:09.597 [restartedMain] INFO  o.s.b.d.env.DevToolsPropertyDefaultsPostProcessor - For additional web related logging consider setting the 'logging.level.web' property to 'DEBUG'
2020-12-22 18:47:10.127 [restartedMain] INFO  o.s.d.r.config.RepositoryConfigurationDelegate - Multiple Spring Data modules found, entering strict repository configuration mode!
2020-12-22 18:47:10.129 [restartedMain] INFO  o.s.d.r.config.RepositoryConfigurationDelegate - Bootstrapping Spring Data Redis repositories in DEFAULT mode.
2020-12-22 18:47:10.147 [restartedMain] INFO  o.s.d.r.config.RepositoryConfigurationDelegate - Finished Spring Data repository scanning in 7 ms. Found 0 Redis repository interfaces.
2020-12-22 18:47:10.648 [restartedMain] INFO  o.s.boot.web.embedded.tomcat.TomcatWebServer - Tomcat initialized with port(s): 8888 (http)
2020-12-22 18:47:10.655 [restartedMain] INFO  org.apache.coyote.http11.Http11NioProtocol - Initializing ProtocolHandler ["http-nio-8888"]
2020-12-22 18:47:10.655 [restartedMain] INFO  org.apache.catalina.core.StandardService - Starting service [Tomcat]
2020-12-22 18:47:10.655 [restartedMain] INFO  org.apache.catalina.core.StandardEngine - Starting Servlet engine: [Apache Tomcat/9.0.41]
2020-12-22 18:47:10.717 [restartedMain] INFO  o.a.c.core.ContainerBase.[Tomcat].[localhost].[/] - Initializing Spring embedded WebApplicationContext
2020-12-22 18:47:10.718 [restartedMain] INFO  o.s.b.w.s.c.ServletWebServerApplicationContext - Root WebApplicationContext: initialization completed in 1120 ms
2020-12-22 18:47:11.105 [restartedMain] INFO  o.s.scheduling.concurrent.ThreadPoolTaskExecutor - Initializing ExecutorService 'applicationTaskExecutor'
2020-12-22 18:47:11.677 [restartedMain] INFO  o.s.security.web.DefaultSecurityFilterChain - Will secure Ant [pattern='/testToken'] with []
2020-12-22 18:47:11.705 [restartedMain] INFO  o.s.security.web.DefaultSecurityFilterChain - Will secure any request with [org.springframework.security.web.context.request.async.WebAsyncManagerIntegrationFilter@aad4e22, org.springframework.security.web.context.SecurityContextPersistenceFilter@16828d03, org.springframework.security.web.header.HeaderWriterFilter@6c9e6309, org.springframework.security.web.authentication.logout.LogoutFilter@6cc7d89d, org.springframework.security.web.authentication.www.BasicAuthenticationFilter@4c4720bf, org.springframework.security.web.savedrequest.RequestCacheAwareFilter@e55112f, org.springframework.security.web.servletapi.SecurityContextHolderAwareRequestFilter@7ed65b77, org.springframework.security.web.authentication.AnonymousAuthenticationFilter@24de09c6, org.springframework.security.web.session.SessionManagementFilter@7190a3c0, org.springframework.security.web.access.ExceptionTranslationFilter@4ad0b1db, org.springframework.security.web.access.intercept.FilterSecurityInterceptor@7db93e51]
2020-12-22 18:47:11.739 [restartedMain] INFO  o.s.b.d.autoconfigure.OptionalLiveReloadServer - LiveReload server is running on port 35729
2020-12-22 18:47:11.756 [restartedMain] INFO  org.apache.coyote.http11.Http11NioProtocol - Starting ProtocolHandler ["http-nio-8888"]
2020-12-22 18:47:11.770 [restartedMain] INFO  o.s.boot.web.embedded.tomcat.TomcatWebServer - Tomcat started on port(s): 8888 (http) with context path ''
2020-12-22 18:47:11.778 [restartedMain] INFO  com.demo.DemoApplication - Started DemoApplication in 2.718 seconds (JVM running for 3.533)
2020-12-22 18:49:56.738 [SpringContextShutdownHook] INFO  o.s.scheduling.concurrent.ThreadPoolTaskExecutor - Shutting down ExecutorService 'applicationTaskExecutor'
2020-12-22 18:49:56.739 [SpringContextShutdownHook] INFO  com.alibaba.druid.pool.DruidDataSource - {dataSource-0} closing ...
