2020-12-23 08:48:10.226 [restartedMain] INFO  com.demo.DemoApplication - Starting DemoApplication using Java 1.8.0_271 on WIN-7H6J5BKISLH with PID 14240 (C:\Users\EDZ\IdeaProjects\wang\target\classes started by EDZ in C:\Users\EDZ\IdeaProjects\wang)
2020-12-23 08:48:10.229 [restartedMain] INFO  com.demo.DemoApplication - No active profile set, falling back to default profiles: default
2020-12-23 08:48:10.284 [restartedMain] INFO  o.s.b.d.env.DevToolsPropertyDefaultsPostProcessor - Devtools property defaults active! Set 'spring.devtools.add-properties' to 'false' to disable
2020-12-23 08:48:10.284 [restartedMain] INFO  o.s.b.d.env.DevToolsPropertyDefaultsPostProcessor - For additional web related logging consider setting the 'logging.level.web' property to 'DEBUG'
2020-12-23 08:48:10.896 [restartedMain] INFO  o.s.d.r.config.RepositoryConfigurationDelegate - Multiple Spring Data modules found, entering strict repository configuration mode!
2020-12-23 08:48:10.898 [restartedMain] INFO  o.s.d.r.config.RepositoryConfigurationDelegate - Bootstrapping Spring Data Redis repositories in DEFAULT mode.
2020-12-23 08:48:10.920 [restartedMain] INFO  o.s.d.r.config.RepositoryConfigurationDelegate - Finished Spring Data repository scanning in 8 ms. Found 0 Redis repository interfaces.
2020-12-23 08:48:11.494 [restartedMain] INFO  o.s.boot.web.embedded.tomcat.TomcatWebServer - Tomcat initialized with port(s): 8888 (http)
2020-12-23 08:48:11.503 [restartedMain] INFO  org.apache.coyote.http11.Http11NioProtocol - Initializing ProtocolHandler ["http-nio-8888"]
2020-12-23 08:48:11.504 [restartedMain] INFO  org.apache.catalina.core.StandardService - Starting service [Tomcat]
2020-12-23 08:48:11.504 [restartedMain] INFO  org.apache.catalina.core.StandardEngine - Starting Servlet engine: [Apache Tomcat/9.0.41]
2020-12-23 08:48:11.574 [restartedMain] INFO  o.a.c.core.ContainerBase.[Tomcat].[localhost].[/] - Initializing Spring embedded WebApplicationContext
2020-12-23 08:48:11.575 [restartedMain] INFO  o.s.b.w.s.c.ServletWebServerApplicationContext - Root WebApplicationContext: initialization completed in 1290 ms
2020-12-23 08:48:12.035 [restartedMain] INFO  o.s.scheduling.concurrent.ThreadPoolTaskExecutor - Initializing ExecutorService 'applicationTaskExecutor'
2020-12-23 08:48:12.699 [restartedMain] INFO  o.s.security.web.DefaultSecurityFilterChain - Will secure Ant [pattern='/testToken'] with []
2020-12-23 08:48:12.736 [restartedMain] INFO  o.s.security.web.DefaultSecurityFilterChain - Will secure any request with [org.springframework.security.web.context.request.async.WebAsyncManagerIntegrationFilter@576d63bb, org.springframework.security.web.context.SecurityContextPersistenceFilter@2a5fd5cf, org.springframework.security.web.header.HeaderWriterFilter@2a6a4e7a, org.springframework.security.web.authentication.logout.LogoutFilter@7361291e, org.springframework.security.web.authentication.www.BasicAuthenticationFilter@128c194a, org.springframework.security.web.savedrequest.RequestCacheAwareFilter@3f5ffd34, org.springframework.security.web.servletapi.SecurityContextHolderAwareRequestFilter@65a00faf, org.springframework.security.web.authentication.AnonymousAuthenticationFilter@b4d549d, org.springframework.security.web.session.SessionManagementFilter@76bd2459, org.springframework.security.web.access.ExceptionTranslationFilter@5ad772d1, org.springframework.security.web.access.intercept.FilterSecurityInterceptor@683f08c5]
2020-12-23 08:48:12.777 [restartedMain] INFO  o.s.b.d.autoconfigure.OptionalLiveReloadServer - LiveReload server is running on port 35729
2020-12-23 08:48:12.798 [restartedMain] INFO  org.apache.coyote.http11.Http11NioProtocol - Starting ProtocolHandler ["http-nio-8888"]
2020-12-23 08:48:12.817 [restartedMain] INFO  o.s.boot.web.embedded.tomcat.TomcatWebServer - Tomcat started on port(s): 8888 (http) with context path ''
2020-12-23 08:48:12.826 [restartedMain] INFO  com.demo.DemoApplication - Started DemoApplication in 3.139 seconds (JVM running for 3.992)
2020-12-23 09:19:24.127 [SpringContextShutdownHook] INFO  o.s.scheduling.concurrent.ThreadPoolTaskExecutor - Shutting down ExecutorService 'applicationTaskExecutor'
2020-12-23 09:19:24.128 [SpringContextShutdownHook] INFO  com.alibaba.druid.pool.DruidDataSource - {dataSource-0} closing ...
2020-12-23 14:52:20.733 [restartedMain] ERROR o.s.b.diagnostics.LoggingFailureAnalysisReporter - 

***************************
APPLICATION FAILED TO START
***************************

Description:

Failed to bind properties under 'logging.level' to java.util.Map<java.lang.String, org.springframework.boot.logging.LogLevel>:

    Reason: No converter found capable of converting from type [java.lang.String] to type [java.util.Map<java.lang.String, org.springframework.boot.logging.LogLevel>]

Action:

Update your application's configuration

2020-12-23 14:53:37.639 [restartedMain] INFO  com.demo.DemoApplication - Starting DemoApplication using Java 1.8.0_271 on WIN-7H6J5BKISLH with PID 6968 (C:\Users\EDZ\IdeaProjects\wang\target\classes started by EDZ in C:\Users\EDZ\IdeaProjects\wang)
2020-12-23 14:53:37.642 [restartedMain] INFO  com.demo.DemoApplication - No active profile set, falling back to default profiles: default
2020-12-23 14:53:37.689 [restartedMain] INFO  o.s.b.d.env.DevToolsPropertyDefaultsPostProcessor - Devtools property defaults active! Set 'spring.devtools.add-properties' to 'false' to disable
2020-12-23 14:53:37.689 [restartedMain] INFO  o.s.b.d.env.DevToolsPropertyDefaultsPostProcessor - For additional web related logging consider setting the 'logging.level.web' property to 'DEBUG'
2020-12-23 14:53:38.268 [restartedMain] INFO  o.s.d.r.config.RepositoryConfigurationDelegate - Multiple Spring Data modules found, entering strict repository configuration mode!
2020-12-23 14:53:38.270 [restartedMain] INFO  o.s.d.r.config.RepositoryConfigurationDelegate - Bootstrapping Spring Data Redis repositories in DEFAULT mode.
2020-12-23 14:53:38.291 [restartedMain] INFO  o.s.d.r.config.RepositoryConfigurationDelegate - Finished Spring Data repository scanning in 8 ms. Found 0 Redis repository interfaces.
2020-12-23 14:53:38.758 [restartedMain] INFO  o.s.boot.web.embedded.tomcat.TomcatWebServer - Tomcat initialized with port(s): 8888 (http)
2020-12-23 14:53:38.767 [restartedMain] INFO  org.apache.coyote.http11.Http11NioProtocol - Initializing ProtocolHandler ["http-nio-8888"]
2020-12-23 14:53:38.767 [restartedMain] INFO  org.apache.catalina.core.StandardService - Starting service [Tomcat]
2020-12-23 14:53:38.767 [restartedMain] INFO  org.apache.catalina.core.StandardEngine - Starting Servlet engine: [Apache Tomcat/9.0.41]
2020-12-23 14:53:38.833 [restartedMain] INFO  o.a.c.core.ContainerBase.[Tomcat].[localhost].[/] - Initializing Spring embedded WebApplicationContext
2020-12-23 14:53:38.834 [restartedMain] INFO  o.s.b.w.s.c.ServletWebServerApplicationContext - Root WebApplicationContext: initialization completed in 1144 ms
2020-12-23 14:53:39.108 [restartedMain] INFO  com.alibaba.druid.pool.DruidDataSource - {dataSource-1} inited
2020-12-23 14:53:39.848 [restartedMain] INFO  o.s.scheduling.concurrent.ThreadPoolTaskExecutor - Initializing ExecutorService 'applicationTaskExecutor'
2020-12-23 14:53:40.302 [restartedMain] INFO  o.s.b.d.autoconfigure.OptionalLiveReloadServer - LiveReload server is running on port 35729
2020-12-23 14:53:40.318 [restartedMain] INFO  org.apache.coyote.http11.Http11NioProtocol - Starting ProtocolHandler ["http-nio-8888"]
2020-12-23 14:53:40.334 [restartedMain] INFO  o.s.boot.web.embedded.tomcat.TomcatWebServer - Tomcat started on port(s): 8888 (http) with context path ''
2020-12-23 14:53:40.342 [restartedMain] INFO  com.demo.DemoApplication - Started DemoApplication in 3.091 seconds (JVM running for 3.939)
2020-12-23 14:54:59.250 [SpringContextShutdownHook] INFO  o.s.scheduling.concurrent.ThreadPoolTaskExecutor - Shutting down ExecutorService 'applicationTaskExecutor'
2020-12-23 14:54:59.250 [SpringContextShutdownHook] INFO  com.alibaba.druid.pool.DruidDataSource - {dataSource-1} closing ...
2020-12-23 14:54:59.252 [SpringContextShutdownHook] INFO  com.alibaba.druid.pool.DruidDataSource - {dataSource-1} closed
